%!Adobe-FontList 1.24
%Locale:0xc0a

%BeginFont
Handler:DirectoryHandler
FontType:TrueType
FontName:RockoUltraFLF
FamilyName:RockoUltraFLF
StyleName:Regular
FullName:RockoUltraFLF
MenuName:RockoUltraFLF
StyleBits:0
WritingScript:Roman
OutlineFileName:C:\Users\Zaira\OneDrive\Escritorio\TPD1_2425\final\Carpeta memoria\Document fonts\RockoUltraFLF.ttf
DataFormat:sfntData
hasSVG:no
hasCOLR:no
VariableFontType:NonVariableFont
FileLength:52372
FileModTime:1700047478
WeightClass:500
WidthClass:5
AngleClass:0
NameArray:0,Mac,4,RockoUltraFLF
NameArray:0,Win,1,RockoUltraFLF
%EndFont

